

Starting up. 19:02.45
---------------------

Saved mode is 'extended'
ADMIN: spaceman96 = Super Administrator
ADMIN: topkasa = Super Administrator
ADMIN: johbson = Super Administrator
ADMIN: masterofapples = Super Administrator
ADMIN: foxingly = Super Administrator
ADMIN: andreathesecond = Super Administrator
ADMIN: beorn080 = Super Administrator
ADMIN: uristqwerty = Coder
ADMIN: jakkarra = Super Administrator
ADMIN: cib = Coder
ADMIN: cecilff2 = Super Administrator
ADMIN: trorbes = Super Administrator
ADMIN: headswe = Coder
ADMIN: jackofnotrades = Super Administrator
ADMIN: forteen = Super Administrator
ADMIN: bluephoenix222 = Super Administrator
ADMIN: arcalane = Super Administrator
ADMIN: iaryni = Coder
ADMIN: cacophony = Super Administrator
ADMIN: wrongnumber = Coder
ADMIN: quinnr = Super Administrator
ADMIN: tagert = Coder
ADMIN: cajoes = Super Administrator
ADMIN: megacaesar = Super Administrator
ADMIN: miniature = Coder
ADMIN: abi79 = Coder
ADMIN: strumpetplaya = Coder
ADMIN: mloc = Coder
ADMIN: doughnuts = Super Administrator
ADMIN: compactninja = Coder


Starting up. 19:07.01
---------------------

Saved mode is 'extended'
ADMIN: spaceman96 = Super Administrator
ADMIN: topkasa = Super Administrator
ADMIN: johbson = Super Administrator
ADMIN: masterofapples = Super Administrator
ADMIN: foxingly = Super Administrator
ADMIN: andreathesecond = Super Administrator
ADMIN: beorn080 = Super Administrator
ADMIN: uristqwerty = Coder
ADMIN: jakkarra = Super Administrator
ADMIN: cib = Coder
ADMIN: cecilff2 = Super Administrator
ADMIN: trorbes = Super Administrator
ADMIN: headswe = Coder
ADMIN: jackofnotrades = Super Administrator
ADMIN: forteen = Super Administrator
ADMIN: bluephoenix222 = Super Administrator
ADMIN: arcalane = Super Administrator
ADMIN: iaryni = Coder
ADMIN: cacophony = Super Administrator
ADMIN: wrongnumber = Coder
ADMIN: quinnr = Super Administrator
ADMIN: tagert = Coder
ADMIN: cajoes = Super Administrator
ADMIN: megacaesar = Super Administrator
ADMIN: miniature = Coder
ADMIN: abi79 = Coder
ADMIN: strumpetplaya = Coder
ADMIN: mloc = Coder
ADMIN: doughnuts = Super Administrator
ADMIN: compactninja = Coder
(19:08:46)ACCESS: Login: CIB/(CIB) from 127.0.0.1
(19:08:56)ACCESS: Logout: *no client*/(CIB)
(19:08:56)ACCESS: Login: CIB/(observer) from 127.0.0.1
(19:09:42)ACCESS: Logout: CIB/(Nerissa Logue)


Starting up. 19:10.23
---------------------

Saved mode is 'extended'
ADMIN: spaceman96 = Super Administrator
ADMIN: topkasa = Super Administrator
ADMIN: johbson = Super Administrator
ADMIN: masterofapples = Super Administrator
ADMIN: foxingly = Super Administrator
ADMIN: andreathesecond = Super Administrator
ADMIN: beorn080 = Super Administrator
ADMIN: uristqwerty = Coder
ADMIN: jakkarra = Super Administrator
ADMIN: cib = Coder
ADMIN: cecilff2 = Super Administrator
ADMIN: trorbes = Super Administrator
ADMIN: headswe = Coder
ADMIN: jackofnotrades = Super Administrator
ADMIN: forteen = Super Administrator
ADMIN: bluephoenix222 = Super Administrator
ADMIN: arcalane = Super Administrator
ADMIN: iaryni = Coder
ADMIN: cacophony = Super Administrator
ADMIN: wrongnumber = Coder
ADMIN: quinnr = Super Administrator
ADMIN: tagert = Coder
ADMIN: cajoes = Super Administrator
ADMIN: megacaesar = Super Administrator
ADMIN: miniature = Coder
ADMIN: abi79 = Coder
ADMIN: strumpetplaya = Coder
ADMIN: mloc = Coder
ADMIN: doughnuts = Super Administrator
ADMIN: compactninja = Coder
