

Starting up. 18:03.27
---------------------

Saved mode is 'extended'


Starting up. 18:04.36
---------------------

Saved mode is 'extended'


Starting up. 18:20.52
---------------------

Saved mode is 'extended'
ADMIN: googolplexed = Host
ADMIN: topkasa = Host
ADMIN: johbson = Host
ADMIN: tp1212 = Host
ADMIN: masterofapples = Super Administrator
ADMIN: alfie275 = Coder
ADMIN: andreathesecond = Host
ADMIN: poltifar = Super Administrator
ADMIN: beorn080 = Super Administrator
ADMIN: uristqwerty = Super Administrator
ADMIN: jakkarra = Super Administrator
ADMIN: cib = Super Administrator
ADMIN: cecilff2 = Super Administrator
ADMIN: cheeetar = Super Administrator
ADMIN: zolo009 = Super Administrator
ADMIN: trorbes = Super Administrator
ADMIN: headswe = Coder
ADMIN: aavak = Super Administrator
ADMIN: randomonioum = Super Administrator
ADMIN: jackofnotrades = Super Administrator
ADMIN: forteen = Super Administrator
ADMIN: bluephoenix222 = Super Administrator
ADMIN: orb370 = Super Administrator
ADMIN: iaryni = Coder
ADMIN: cacophony = Super Administrator
ADMIN: wrongnumber = Super Administrator
ADMIN: quinnr = Moderator
ADMIN: Doug H. Nuts = Moderator
ADMIN: tagert = Coder
ADMIN: cajoes = Super Administrator
ADMIN: megacaesar = Super Administrator
ADMIN: dysthymia = Super Administrator
ADMIN: abi79 = Super Administrator
ADMIN: strumpetplaya = Super Administrator
(18:21:02)ACCESS: Login: Strumpetplaya/(Strumpetplaya) from 127.0.0.1
(18:22:19)ADMIN: Strumpetplaya/(Strumpetplaya) has turned stealth mode ON
(18:22:25)OOC: Strumpetplaya/Strumpetplaya : Hallo
(18:22:34)OOC: Strumpetplaya/Strumpetplaya : Test
(18:22:37)ADMIN: Strumpetplaya/(Strumpetplaya) has turned stealth mode OFF
(18:22:40)OOC: Strumpetplaya/Strumpetplaya : test
(18:22:45)ADMIN: Strumpetplaya/(Strumpetplaya) has turned stealth mode ON
(18:22:47)OOC: Strumpetplaya/Strumpetplaya : test
(18:22:51)ADMIN: Strumpetplaya/(Strumpetplaya) has turned stealth mode OFF
(18:24:00)ACCESS: Logout: *no client*/(Strumpetplaya)
(18:24:00)ACCESS: Login: Strumpetplaya/(Benny Anthejets) from 127.0.0.1
(18:24:16)OOC: Benny Anthejets/Strumpetplaya : Rawr
(18:24:20)ADMIN: Strumpetplaya/(Benny Anthejets) has turned stealth mode ON
(18:24:22)OOC: Benny Anthejets/Strumpetplaya : Rawr
(18:29:07)ACCESS: Logout: Strumpetplaya/(Benny Anthejets)


Starting up. 18:32.13
---------------------

Saved mode is 'extended'
ADMIN: googolplexed = Host
ADMIN: topkasa = Host
ADMIN: johbson = Host
ADMIN: tp1212 = Host
ADMIN: masterofapples = Super Administrator
ADMIN: alfie275 = Coder
ADMIN: andreathesecond = Host
ADMIN: poltifar = Super Administrator
ADMIN: beorn080 = Super Administrator
ADMIN: uristqwerty = Super Administrator
ADMIN: jakkarra = Super Administrator
ADMIN: cib = Super Administrator
ADMIN: cecilff2 = Super Administrator
ADMIN: cheeetar = Super Administrator
ADMIN: zolo009 = Super Administrator
ADMIN: trorbes = Super Administrator
ADMIN: headswe = Coder
ADMIN: aavak = Super Administrator
ADMIN: randomonioum = Super Administrator
ADMIN: jackofnotrades = Super Administrator
ADMIN: forteen = Super Administrator
ADMIN: bluephoenix222 = Super Administrator
ADMIN: orb370 = Super Administrator
ADMIN: iaryni = Coder
ADMIN: cacophony = Super Administrator
ADMIN: wrongnumber = Super Administrator
ADMIN: quinnr = Moderator
ADMIN: Doug H. Nuts = Moderator
ADMIN: tagert = Coder
ADMIN: cajoes = Super Administrator
ADMIN: megacaesar = Super Administrator
ADMIN: dysthymia = Super Administrator
ADMIN: abi79 = Super Administrator
ADMIN: strumpetplaya = Super Administrator
(18:32:19)ACCESS: Login: Strumpetplaya/(Strumpetplaya) from 127.0.0.1
(18:33:02)ADMIN: Strumpetplaya has started the game.
(18:33:03)ACCESS: Logout: *no client*/(Strumpetplaya)
(18:33:03)ACCESS: Login: Strumpetplaya/(Benny Anthejets) from 127.0.0.1
(18:43:10)ACCESS: Logout: Strumpetplaya/(Benny Anthejets)
