

Starting up. 21:24.34
---------------------

ADMIN: Loading jobban_rank
ADMIN: jobban_keylist was empty
ADMIN: Updating jobbanfile!
ADMIN: Loading invite list
ADMIN: No people in invite list
ADMIN: Loading goon_keylist
ADMIN: goon_keylist was empty
ADMIN: Loading Banlist
ACCESS: Login: Headswe/(Headswe) from localhost
ACCESS: Logout: Headswe/(Headswe)


Starting up. 21:25.58
---------------------

ADMIN: Loading jobban_rank
ADMIN: jobban_keylist was empty
ADMIN: Updating jobbanfile!
ADMIN: Loading invite list
ADMIN: No people in invite list
ADMIN: Loading goon_keylist
ADMIN: goon_keylist was empty
ADMIN: Loading Banlist
ACCESS: Login: Headswe/(Headswe) from localhost
ACCESS: Logout: Headswe/(Headswe)


Starting up. 21:27.30
---------------------

ADMIN: Loading jobban_rank
ADMIN: jobban_keylist was empty
ADMIN: Updating jobbanfile!
ADMIN: Loading invite list
ADMIN: No people in invite list
ADMIN: Loading goon_keylist
ADMIN: goon_keylist was empty
ADMIN: Loading Banlist
ACCESS: Login: Headswe/(Headswe) from 127.0.0.1
ADMIN: Headswe has started the game.
ACCESS: Logout: *no client*/(Headswe)
ACCESS: Login: Headswe/(Geshud Mountain) from 127.0.0.1


Starting up. 21:31.17
---------------------

ADMIN: Loading jobban_rank
ADMIN: jobban_keylist was empty
ADMIN: Updating jobbanfile!
ADMIN: Loading invite list
ADMIN: No people in invite list
ADMIN: Loading goon_keylist
ADMIN: goon_keylist was empty
ADMIN: Loading Banlist
ACCESS: Login: Headswe/(Headswe) from 127.0.0.1
ADMIN: Headswe has started the game.
ACCESS: Logout: *no client*/(Headswe)
ACCESS: Login: Headswe/(Besmar Steel) from 127.0.0.1
ADMIN: Headswe/(Besmar Steel) jumped to 47,97,1 in Captain's Quarters


Starting up. 21:34.01
---------------------

ADMIN: Loading jobban_rank
ADMIN: jobban_keylist was empty
ADMIN: Updating jobbanfile!
ADMIN: Loading invite list
ADMIN: No people in invite list
ADMIN: Loading goon_keylist
ADMIN: goon_keylist was empty
ADMIN: Loading Banlist
ACCESS: Login: Headswe/(Headswe) from 127.0.0.1
ADMIN: Headswe has started the game.
ACCESS: Logout: *no client*/(Headswe)
ACCESS: Login: Headswe/(Likot Mc) from 127.0.0.1
ACCESS: Logout: Headswe/(Likot Mc)


Starting up. 21:39.03
---------------------

ADMIN: Loading jobban_rank
ADMIN: jobban_keylist was empty
ADMIN: Updating jobbanfile!
ADMIN: Loading invite list
ADMIN: No people in invite list
ADMIN: Loading goon_keylist
ADMIN: goon_keylist was empty
ADMIN: Loading Banlist
ACCESS: Login: Headswe/(Headswe) from 127.0.0.1
ADMIN: Headswe has started the game.
ACCESS: Logout: *no client*/(Headswe)
ACCESS: Login: Headswe/(Cog Engraving) from 127.0.0.1
ADMIN: Headswe/(Cog Engraving) jumped to 44,97,1 in Captain's Quarters
ADMIN: Headswe/(Cog Engraving) jumped to 46,97,1 in Captain's Quarters
ADMIN: Headswe/(Cog Engraving) jumped to 45,97,1 in Captain's Quarters


Starting up. 21:52.12
---------------------

ADMIN: Loading jobban_rank
ADMIN: jobban_keylist was empty
ADMIN: Updating jobbanfile!
ADMIN: Loading invite list
ADMIN: No people in invite list
ADMIN: Loading goon_keylist
ADMIN: goon_keylist was empty
ADMIN: Loading Banlist
ACCESS: Login: Headswe/(Headswe) from 127.0.0.1
ADMIN: Headswe has started the game.
ACCESS: Logout: *no client*/(Headswe)
ACCESS: Login: Headswe/(Kumil Engraving) from 127.0.0.1


Starting up. 21:54.18
---------------------

ADMIN: Loading jobban_rank
ADMIN: jobban_keylist was empty
ADMIN: Updating jobbanfile!
ADMIN: Loading invite list
ADMIN: No people in invite list
ADMIN: Loading goon_keylist
ADMIN: goon_keylist was empty
ADMIN: Loading Banlist
ACCESS: Login: Headswe/(Headswe) from 127.0.0.1


Starting up. 22:34.50
---------------------

ADMIN: Loading jobban_rank
ADMIN: jobban_keylist was empty
ADMIN: Updating jobbanfile!
ADMIN: Loading invite list
ADMIN: No people in invite list
ADMIN: Loading goon_keylist
ADMIN: goon_keylist was empty
ADMIN: Loading Banlist
ACCESS: Login: Headswe/(Headswe) from 127.0.0.1
ADMIN: Headswe has started the game.
ACCESS: Logout: *no client*/(Headswe)
ACCESS: Login: Headswe/(Minkot River) from 127.0.0.1


Starting up. 23:02.19
---------------------

ADMIN: Loading jobban_rank
ADMIN: jobban_keylist was empty
ADMIN: Updating jobbanfile!
ADMIN: Loading invite list
ADMIN: No people in invite list
ADMIN: Loading goon_keylist
ADMIN: goon_keylist was empty
ADMIN: Loading Banlist
ACCESS: Login: Belleraphone/(Belleraphone) from 98.196.252.19
OOC: Belleraphone/Belleraphone : hello?
ACCESS: Logout: Belleraphone/(Belleraphone)
ACCESS: Login: Headswe/(Headswe) from 127.0.0.1
ADMIN: Headswe has started the game.
ACCESS: Logout: *no client*/(Headswe)
ACCESS: Login: Headswe/(Cog Carp) from 127.0.0.1
ADMIN: Headswe/(Cog Carp) jumped to 44,97,1 in Captain's Quarters
ADMIN: Headswe/(Cog Carp) jumped to 47,97,1 in Captain's Quarters
