

Starting up. 00:01.35
---------------------

ADMIN: Loading jobban_rank
ADMIN: jobban_keylist was empty
ADMIN: Updating jobbanfile!
ADMIN: Loading invite list
ADMIN: No people in invite list
ADMIN: Loading goon_keylist
ADMIN: goon_keylist was empty
ADMIN: Loading Banlist
ACCESS: Login: Headswe/(Headswe) from 127.0.0.1
ADMIN: Headswe has started the game.
ACCESS: Logout: *no client*/(Headswe)
ACCESS: Login: Headswe/(Sarvesh Mountain) from 127.0.0.1
ADMIN: Headswe/(Sarvesh Mountain) created a /obj/machinery/washer
A:Sarvesh Mountain attacked by Sarvesh Mountain(Headswe) with the energy gun
ADMIN: Headswe/(Sarvesh Mountain) created a /obj/item/weapon/reagent_containers/glass/beaker
ADMIN: Headswe/(Sarvesh Mountain) jumped to Medical Research Labs
ADMIN: Headswe/(Sarvesh Mountain) jumped to Medical Research
ADMIN: Headswe/(Sarvesh Mountain) jumped to Captain's Quarters
ACCESS: Logout: Headswe/(Sarvesh Mountain)


Starting up. 00:12.32
---------------------

ADMIN: Loading jobban_rank
ADMIN: jobban_keylist was empty
ADMIN: Updating jobbanfile!
ADMIN: Loading invite list
ADMIN: No people in invite list
ADMIN: Loading goon_keylist
ADMIN: goon_keylist was empty
ADMIN: Loading Banlist
ACCESS: Login: Headswe/(Headswe) from 127.0.0.1
ADMIN: Headswe has started the game.
ACCESS: Logout: *no client*/(Headswe)
ACCESS: Login: Headswe/(Minkot Dagger) from 127.0.0.1
ADMIN: Headswe/(Minkot Dagger) jumped to Medical Research
ADMIN: Headswe/(Minkot Dagger) created a /obj/machinery/washer
ACCESS: Logout: Headswe/(Minkot Dagger)


Starting up. 00:15.57
---------------------

ADMIN: Loading jobban_rank
ADMIN: jobban_keylist was empty
ADMIN: Updating jobbanfile!
ADMIN: Loading invite list
ADMIN: No people in invite list
ADMIN: Loading goon_keylist
ADMIN: goon_keylist was empty
ADMIN: Loading Banlist
ACCESS: Login: Headswe/(Headswe) from 127.0.0.1
ADMIN: Headswe has started the game.
ACCESS: Logout: *no client*/(Headswe)
ACCESS: Login: Headswe/(Urist Booze) from 127.0.0.1
ADMIN: Headswe/(Urist Booze) jumped to Medical Research
ADMIN: Headswe/(Urist Booze) created a /obj/machinery/washer
ADMIN: Headswe/(Urist Booze) initiated an immediate reboot.
ACCESS: Logout: Headswe/(Urist Booze)


Starting up. 00:45.53
---------------------

ADMIN: Loading jobban_rank
ADMIN: jobban_keylist was empty
ADMIN: Updating jobbanfile!
ADMIN: Loading invite list
ADMIN: No people in invite list
ADMIN: Loading goon_keylist
ADMIN: goon_keylist was empty
ADMIN: Loading Banlist
ACCESS: Login: Headswe/(Headswe) from 192.168.1.165
ADMIN: Headswe has started the game.
ACCESS: Logout: *no client*/(Headswe)
ACCESS: Login: Headswe/(Cerol Magma) from 192.168.1.165
ADMIN: Headswe/(Cerol Magma) jumped to Medical Research
ADMIN: Headswe/(Cerol Magma) created a /obj/machinery/washer
ACCESS: Logout: Headswe/(Cerol Magma)


Starting up. 00:47.35
---------------------

ADMIN: Loading jobban_rank
ADMIN: jobban_keylist was empty
ADMIN: Updating jobbanfile!
ADMIN: Loading invite list
ADMIN: No people in invite list
ADMIN: Loading goon_keylist
ADMIN: goon_keylist was empty
ADMIN: Loading Banlist


Starting up. 00:48.11
---------------------

ADMIN: Loading jobban_rank
ADMIN: jobban_keylist was empty
ADMIN: Updating jobbanfile!
ADMIN: Loading invite list
ADMIN: No people in invite list
ADMIN: Loading goon_keylist
ADMIN: goon_keylist was empty
ADMIN: Loading Banlist
ACCESS: Login: Headswe/(Headswe) from 127.0.0.1
ADMIN: Headswe has started the game.
ACCESS: Logout: *no client*/(Headswe)
ACCESS: Login: Headswe/(Endok Trap) from 127.0.0.1
ADMIN: Headswe/(Endok Trap) jumped to Medical Research
ADMIN: Headswe/(Endok Trap) created a /obj/machinery/washer
ADMIN: Headswe/(Endok Trap) created a /obj/item/weapon/storage/toolbox/mechanical
A:Endok Trap attacked by Endok Trap(Headswe) with the mechanical toolbox
A:Endok Trap attacked by Endok Trap(Headswe) with the mechanical toolbox
A:Endok Trap attacked by Endok Trap(Headswe) with the mechanical toolbox
A:Endok Trap attacked by Endok Trap(Headswe) with the mechanical toolbox
ADMIN: Headswe/(Endok Trap) created a /obj/item/weapon/gun/energy/taser_gun
ADMIN: Headswe/(Endok Trap) healed / revived Headswe/(Endok Trap)
A:Endok Trap attacked by Endok Trap(Headswe) with the mechanical toolbox
ACCESS: Logout: Headswe/(Endok Trap)


Starting up. 00:56.46
---------------------

ADMIN: Loading jobban_rank
ADMIN: jobban_keylist was empty
ADMIN: Updating jobbanfile!
ADMIN: Loading invite list
ADMIN: No people in invite list
ADMIN: Loading goon_keylist
ADMIN: goon_keylist was empty
ADMIN: Loading Banlist


Starting up. 00:58.20
---------------------

ADMIN: Loading jobban_rank
ADMIN: jobban_keylist was empty
ADMIN: Updating jobbanfile!
ADMIN: Loading invite list
ADMIN: No people in invite list
ADMIN: Loading goon_keylist
ADMIN: goon_keylist was empty
ADMIN: Loading Banlist
ACCESS: Login: Headswe/(Headswe) from 127.0.0.1
ADMIN: Headswe has started the game.
ACCESS: Logout: *no client*/(Headswe)
ACCESS: Login: Headswe/(Cerol Mud) from 127.0.0.1
ADMIN: Headswe/(Cerol Mud) jumped to Medical Research
ADMIN: Headswe/(Cerol Mud) created a /obj/machinery/washer
ACCESS: Login: ReaperSWE/(ReaperSWE) from 78.73.123.189
ACCESS: Logout: ReaperSWE/(ReaperSWE)
ACCESS: Logout: Headswe/(Cerol Mud)


Starting up. 03:44.58
---------------------

ADMIN: Loading jobban_rank
ADMIN: jobban_keylist was empty
ADMIN: Updating jobbanfile!
ADMIN: Loading invite list
ADMIN: No people in invite list
ADMIN: Loading goon_keylist
ADMIN: goon_keylist was empty
ADMIN: Loading Banlist
ACCESS: Login: Headswe/(Headswe) from 127.0.0.1
ADMIN: Headswe has started the game.
ACCESS: Logout: *no client*/(Headswe)
ACCESS: Login: Headswe/(Fath Copper) from 127.0.0.1
ADMIN: Headswe/(Fath Copper) jumped to Medical Research
ADMIN: Headswe/(Fath Copper) created a /obj/machinery/washer
ACCESS: Logout: Headswe/(Fath Copper)


Starting up. 03:50.54
---------------------

ADMIN: Loading jobban_rank
ADMIN: jobban_keylist was empty
ADMIN: Updating jobbanfile!
ADMIN: Loading invite list
ADMIN: No people in invite list
ADMIN: Loading goon_keylist
ADMIN: goon_keylist was empty
ADMIN: Loading Banlist
ACCESS: Login: Headswe/(Headswe) from 192.168.1.165
ADMIN: Headswe has started the game.
ACCESS: Logout: *no client*/(Headswe)
ACCESS: Login: Headswe/(Shorast Iron) from 192.168.1.165
ADMIN: Headswe/(Shorast Iron) jumped to Medical Research
ACCESS: Login: Doug H. Nuts/(Doug H. Nuts) from 99.16.78.136
ACCESS: Logout: *no client*/(Doug H. Nuts)
ACCESS: Login: Doug H. Nuts/(Uvash Death) from 99.16.78.136
ADMIN: Headswe/(Shorast Iron) deleted the table at (98,85,1)
ACCESS: Login: Cacophony/(Cacophony) from 99.103.34.1
ACCESS: Logout: *no client*/(Cacophony)
ACCESS: Login: Cacophony/(Likot Plump	) from 99.103.34.1
SAY: Uvash Death/Doug H. Nuts : ; Station is now mine!
ADMIN: Headswe/(Shorast Iron) created a /obj/machinery/washer
SAY: Likot Plump	/Cacophony : ;I must see the holy washer!
OOC: Uvash Death/Doug H. Nuts : Hi hi
ADMIN: Headswe/(Shorast Iron) teleported Doug H. Nuts/(Uvash Death)
ADMIN: Headswe/(Shorast Iron) teleported Cacophony/(Likot Plump	)
SAY: Uvash Death/Doug H. Nuts : THE HOLYNESS!
SAY: Uvash Death/Doug H. Nuts : lets experiment
SAY: Uvash Death/Doug H. Nuts : VE BLOODY
SAY: Likot Plump	/Cacophony : My god!
ADMIN: Headswe/(Shorast Iron) created a /obj/item/weapon/gun/energy/taser_gun
ACCESS: Login: Rawr359/(Rawr359) from 24.182.0.101
OOC: Rawr359/Rawr359 : what&#39;s up fuckers
A:Likot Plump	 attacked by Shorast Iron(Headswe) with the taser gun
A:Likot Plump	 attacked by Shorast Iron(Headswe) with the taser gun
OOC: Shorast Iron/Headswe : Er
OOC: Shorast Iron/Headswe : Wtf?
OOC: Rawr359/Rawr359 : :)
OOC: Uvash Death/Doug H. Nuts : XD
OOC: Shorast Iron/Headswe : How did you get here?
OOC: Likot Plump	/Cacophony : You forgot to un-public it.  
A:Likot Plump	 attacked by Shorast Iron(Headswe) with the taser gun
OOC: Rawr359/Rawr359 : ...
OOC: Rawr359/Rawr359 : i&#39;m intruding? :(
A:Uvash Death attacked by Shorast Iron(Headswe) with the taser gun
A:Uvash Death attacked by Shorast Iron(Headswe) with the taser gun
SAY: Likot Plump	/Cacophony : Blood!
OOC: Shorast Iron/Headswe : No game here
OOC: Rawr359/Rawr359 : i&#39;m not supposed to be here....
OOC: Rawr359/Rawr359 : :(
OOC: Likot Plump	/Cacophony : We&#39;re just doing a brief test.
OOC: Rawr359/Rawr359 : well
OOC: Rawr359/Rawr359 : i guess
OOC: Rawr359/Rawr359 : *sniffle*
SAY: Shorast Iron/Headswe : GOOD AS NEW
OOC: Likot Plump	/Cacophony : Why not join the other one?
OOC: Rawr359/Rawr359 : i guess i&#39;ll just go play a goon server
SAY: Likot Plump	/Cacophony : Beautiful!
OOC: Rawr359/Rawr359 : ;_;
OOC: Rawr359/Rawr359 : b-....bye.
OOC: Likot Plump	/Cacophony : There&#39;s a real one up at the moment.
OOC: Shorast Iron/Headswe : Wait!
OOC: Likot Plump	/Cacophony : Hello?
OOC: Rawr359/Rawr359 : hm?
OOC: Shorast Iron/Headswe : http://baystation12.co.cc
OOC: Shorast Iron/Headswe : Go there.
A:Likot Plump	 attacked by Likot Plump	(Cacophony) with the taser gun
OOC: Rawr359/Rawr359 : k...
SAY: Likot Plump	/Cacophony : Damn, no blood!
OOC: Rawr359/Rawr359 : damnit
A:Likot Plump	 attacked by Likot Plump	(Cacophony) with the taser gun
OOC: Rawr359/Rawr359 : it opens in ie
SAY: Uvash Death/Doug H. Nuts : Give me a revolver I&#39;ll show you blood!
ADMIN: Headswe/(Shorast Iron) modified Laundromat's hacked to 1
A:Likot Plump	 attacked by Likot Plump	(Cacophony) with the taser gun
A:Likot Plump	 attacked by Likot Plump	(Cacophony) with the taser gun
OOC: Rawr359/Rawr359 : new website?
OOC: Uvash Death/Doug H. Nuts : Washer orgy in chemistry
OOC: Rawr359/Rawr359 : le gasp!
SAY: Likot Plump	/Cacophony : Fear the stooges.
SAY: Shorast Iron/Headswe : STOp
SAY: Shorast Iron/Headswe : STAND STILL
OOC: Rawr359/Rawr359 : when did we get forums?
OOC: Shorast Iron/Headswe : Oh right.
OOC: Uvash Death/Doug H. Nuts : OWIE
OOC: Shorast Iron/Headswe : I did put my taser in it
OOC: Likot Plump	/Cacophony : A while back.
OOC: Rawr359/Rawr359 : so i should leave... right?
SAY: Shorast Iron/Headswe : YOU GUYS OKAY
OOC: Likot Plump	/Cacophony : You can hang around.
OOC: Rawr359/Rawr359 : OR CAN I TEST!?
OOC: Rawr359/Rawr359 : :D
OOC: Likot Plump	/Cacophony : Stuff isn&#39;t happening, though.
OOC: Rawr359/Rawr359 : mhmm
OOC: Likot Plump	/Cacophony : Head blew up the washing machine.
OOC: Shorast Iron/Headswe : Nope just blowing our self up
OOC: Likot Plump	/Cacophony : Now we&#39;re all dead.
OOC: Rawr359/Rawr359 : washing machine?
OOC: Shorast Iron/Headswe : Sorry
OOC: Rawr359/Rawr359 : holy shit!
OOC: Likot Plump	/Cacophony : Washing machine!
ADMIN: Headswe/(Shorast Iron) healed / revived Cacophony/(Likot Plump	)
ADMIN: Headswe/(Shorast Iron) healed / revived Doug H. Nuts/(Uvash Death)
ADMIN: Headswe/(Shorast Iron) healed / revived Headswe/(Shorast Iron)
ADMIN: Headswe/(Shorast Iron) teleported Doug H. Nuts/(Uvash Death)
ADMIN: Headswe/(Shorast Iron) created a /obj/machinery/washer
SAY: Likot Plump	/Cacophony : Good as new.
ACCESS: Logout: *no client*/(Rawr359)
ACCESS: Login: Rawr359/(Johnny Bison) from 24.182.0.101
OOC: Johnny Bison/Rawr359 : i feel so special
SAY: Johnny Bison/Rawr359 : ;Hello?
ADMIN: Headswe/(Shorast Iron) modified Laundromat's hacked to 1
SAY: Johnny Bison/Rawr359 : ;Hello...?
OOC: Johnny Bison/Rawr359 : where&#39;s this washing machine?
OOC: Shorast Iron/Headswe : Just below medbay
SAY: Shorast Iron/Headswe : damm bug
SAY: Shorast Iron/Headswe : OH
SAY: Shorast Iron/Headswe : LOL
SAY: Shorast Iron/Headswe : If its hacked
SAY: Johnny Bison/Rawr359 : le gasp!
SAY: Shorast Iron/Headswe : it will eat the beaker
SAY: Johnny Bison/Rawr359 : Why are the chem stuff next to the washing machine?
ADMIN: Headswe/(Shorast Iron) modified Laundromat's hacked to 0
SAY: Shorast Iron/Headswe : Because it needs space cleaner
SAY: Johnny Bison/Rawr359 : Ohh
SAY: Johnny Bison/Rawr359 : Nice!
SAY: Johnny Bison/Rawr359 : Drier?
SAY: Johnny Bison/Rawr359 : Er... however you spell that.
SAY: Johnny Bison/Rawr359 : Dryer.
ADMIN: Headswe/(Shorast Iron) created a /obj/item/weapon/gun/energy/taser_gun
SAY: Johnny Bison/Rawr359 : So it&#39;s for washing bloody jumpsuits and what not?
A:Uvash Death attacked by Shorast Iron(Headswe) with the taser gun
A:Uvash Death attacked by Shorast Iron(Headswe) with the taser gun
ADMIN: Headswe/(Shorast Iron) made Doug H. Nuts/(Uvash Death) drop everything!
SAY: Shorast Iron/Headswe : GOOD AS NEW
SAY: Johnny Bison/Rawr359 : Awesome!
ADMIN: Headswe/(Shorast Iron) modified Laundromat's hacked to 1
SAY: Johnny Bison/Rawr359 : You should be able to put people in there.
SAY: Johnny Bison/Rawr359 : Or maybe we could have a shower.
SAY: Shorast Iron/Headswe : Now lets try to clean my taser
SAY: Johnny Bison/Rawr359 : *laugh
SAY: Johnny Bison/Rawr359 : GAH
SAY: Shorast Iron/Headswe : Ow
OOC: Shorast Iron/Headswe : Oh right.
SAY: Johnny Bison/Rawr359 : ...
OOC: Johnny Bison/Rawr359 : are we deaf?
OOC: Shorast Iron/Headswe : Yep
OOC: Johnny Bison/Rawr359 : lol
SAY: Johnny Bison/Rawr359 : *cough
OOC: Shorast Iron/Headswe : The washing machine went critical
OOC: Johnny Bison/Rawr359 : and by that you mean
OOC: Johnny Bison/Rawr359 : it blew up
OOC: Shorast Iron/Headswe : Yep
OOC: Johnny Bison/Rawr359 : what made it blow up? just the tazer?
SAY: Johnny Bison/Rawr359 : Test
OOC: Johnny Bison/Rawr359 : is it someone&#39;s job to operate the laundromat?
OOC: Likot Plump	/Cacophony : Indeed.
OOC: Shorast Iron/Headswe : No
OOC: Likot Plump	/Cacophony : Probably not.
OOC: Johnny Bison/Rawr359 : just whoever needs clean clothes?
ACCESS: Login: Darkcloak41/(Darkcloak41) from 76.97.53.8
OOC: Shorast Iron/Headswe : Criminals
OOC: Shorast Iron/Headswe : Security
OOC: Shorast Iron/Headswe : Robotics
OOC: Shorast Iron/Headswe : Murders.
OOC: Shorast Iron/Headswe : Me
OOC: Shorast Iron/Headswe : Mules
OOC: Shorast Iron/Headswe : No wait.
ACCESS: Logout: Darkcloak41/(Darkcloak41)
OOC: Johnny Bison/Rawr359 : so, yeah, whoever
OOC: Johnny Bison/Rawr359 : wait
OOC: Johnny Bison/Rawr359 : mules
OOC: Johnny Bison/Rawr359 : oh fuck
OOC: Johnny Bison/Rawr359 : :P
OOC: Likot Plump	/Cacophony : Rrrrrrr... SPLAT!
OOC: Johnny Bison/Rawr359 : do i have to be logged in to look at the forums?
OOC: Likot Plump	/Cacophony : Maybe.
OOC: Likot Plump	/Cacophony : We&#39;ve had some access weirdness.
OOC: Johnny Bison/Rawr359 : also can i use my bay12 log in?
OOC: Shorast Iron/Headswe : Nope
OOC: Likot Plump	/Cacophony : Don&#39;t think so.
OOC: Johnny Bison/Rawr359 : well damn.
OOC: Shorast Iron/Headswe : I made a stupid thing
OOC: Shorast Iron/Headswe : hehe i was oging to a shock first but then i made it a explosion.
OOC: Shorast Iron/Headswe : so i had a for(var/mob/M in viewers)
SAY: Johnny Bison/Rawr359 : We&#39;re still deaf.
SAY: Johnny Bison/Rawr359 : Just kidding.
OOC: Shorast Iron/Headswe : so i called expload 3-4times
SAY: Likot Plump	/Cacophony : Don&#39;t mind us.
OOC: Shorast Iron/Headswe : xD
SAY: Likot Plump	/Cacophony : Three men in a small space.
SAY: Johnny Bison/Rawr359 : *laugh
SAY: Likot Plump	/Cacophony : One naked.
SAY: Johnny Bison/Rawr359 : *shiver
SAY: Johnny Bison/Rawr359 : Any other cool shit for me to ogle at?
OOC: Johnny Bison/Rawr359 : umm
OOC: Johnny Bison/Rawr359 : what the hell is my byond key?
OOC: Johnny Bison/Rawr359 : my username?
SAY: Likot Plump	/Cacophony : Yeah.
OOC: Johnny Bison/Rawr359 : k
OOC: Likot Plump	/Cacophony : Rawr359.  
SAY: Shorast Iron/Headswe : Not really.
SAY: Shorast Iron/Headswe : I just wanted to show them the glory of washers.
SAY: Likot Plump	/Cacophony : Just us.
SAY: Shorast Iron/Headswe : time to implement stuffing pepole in them.,
SAY: Johnny Bison/Rawr359 : YES!
SAY: Likot Plump	/Cacophony : Sadly, our imperfection and tasers have destroyed the holy washer.
SAY: Johnny Bison/Rawr359 : Le gasp!
SAY: Shorast Iron/Headswe : So
SAY: Shorast Iron/Headswe : Who&#39;s going to clean up in here?
SAY: Shorast Iron/Headswe : NOT ME!
SAY: Shorast Iron/Headswe : Haha
SAY: Johnny Bison/Rawr359 : Oh shit
SAY: Johnny Bison/Rawr359 : I&#39;m a janitor
SAY: Johnny Bison/Rawr359 : But I don&#39;t have access, so, NOT IT.
SAY: Johnny Bison/Rawr359 : ;bahaha
ACCESS: Login: I-Aryn-I/(I-Aryn-I) from 71.229.234.89
SAY: Likot Plump	/Cacophony : Gibs!
OOC: Johnny Bison/Rawr359 : so
OOC: Johnny Bison/Rawr359 : a question on welding
ADMIN: I-Aryn-I/(I-Aryn-I) : Hi
OOC: Johnny Bison/Rawr359 : if i use a welder to light a cigarette like a badass
OOC: Johnny Bison/Rawr359 : can i go blind?
ADMIN: Headswe/(Shorast Iron) used secret fakeguns
OOC: Shorast Iron/Headswe : GUNS
ADMIN: Headswe/(Shorast Iron) healed / revived Cacophony/(Likot Plump	)
SAY: Shorast Iron/Headswe : ; OH FGOD
OOC: Johnny Bison/Rawr359 : OH FUCK
SAY: Shorast Iron/Headswe : ; DIEING
ACCESS: Logout: *no client*/(Uvash Death)
ACCESS: Login: Doug H. Nuts/(Uvash Death) from 99.16.78.136
SAY: Johnny Bison/Rawr359 : ;THERE IS A GUN IN MY EAR
ADMIN: Headswe/(Shorast Iron) healed / revived Headswe/(Shorast Iron)
ADMIN: Headswe/(Shorast Iron) jumped to 92,81,1 in East Hallway
SAY: Johnny Bison/Rawr359 : ;Oh wait
SAY: Johnny Bison/Rawr359 : ;Just my headset.
ACCESS: Logout: *no client*/(I-Aryn-I)
ACCESS: Login: I-Aryn-I/(Lelouch vi Brittania) from 71.229.234.89
OOC: Shorast Iron/Headswe : Oh right.
OOC: Johnny Bison/Rawr359 : doug
OOC: Shorast Iron/Headswe : Hey aryn
OOC: Johnny Bison/Rawr359 : i like your idea about ghosts
OOC: Lelouch vi Brittania/I-Aryn-I : Hi
OOC: Shorast Iron/Headswe : We need to restart
OOC: Shorast Iron/Headswe : I pushed a evil button
OOC: Shorast Iron/Headswe : Now everything is revolvers
ACCESS: Logout: Headswe/(Shorast Iron)
ACCESS: Logout: Doug H. Nuts/(Uvash Death)
ACCESS: Logout: Cacophony/(Likot Plump	)
ACCESS: Logout: Rawr359/(Johnny Bison)
ACCESS: Logout: I-Aryn-I/(Lelouch vi Brittania)


Starting up. 04:14.24
---------------------

ADMIN: Loading jobban_rank
ADMIN: jobban_keylist was empty
ADMIN: Updating jobbanfile!
ADMIN: Loading invite list
ADMIN: No people in invite list
ADMIN: Loading goon_keylist
ADMIN: goon_keylist was empty
ADMIN: Loading Banlist
ACCESS: Login: Headswe/(Headswe) from 192.168.1.165
ACCESS: Login: I-Aryn-I/(I-Aryn-I) from 71.229.234.89
ACCESS: Login: Rawr359/(Rawr359) from 24.182.0.101
OOC: I-Aryn-I/I-Aryn-I : So what was the crazy stuff you were talking about?
OOC: Rawr359/Rawr359 : head
OOC: Rawr359/Rawr359 : we have a problem
OOC: Rawr359/Rawr359 : i have access to the fun buttons
OOC: Headswe/Headswe : CRAZY STUFF IS WASHER
OOC: Headswe/Headswe : Wait what?
ADMIN: Headswe has started the game.
ACCESS: Logout: *no client*/(Headswe)
ACCESS: Login: Headswe/(Besmar Mud) from 192.168.1.165
ACCESS: Logout: *no client*/(I-Aryn-I)
ACCESS: Login: I-Aryn-I/(Lelouch vi Brittania) from 71.229.234.89
ACCESS: Logout: *no client*/(Rawr359)
ACCESS: Login: Rawr359/(Johnny Bison) from 24.182.0.101
OOC: Johnny Bison/Rawr359 : I CAN USE THE HAPPY BUTTONS 
OOC: Johnny Bison/Rawr359 : TAKE IT AWAY
OOC: Johnny Bison/Rawr359 : PLEASE
ADMIN: Headswe/(Besmar Mud) deleted Airlock at (95,85,1)
ADMIN: Headswe/(Besmar Mud) deleted the table at (98,85,1)
OOC: Johnny Bison/Rawr359 : i can&#39;t take the pressure
OOC: Johnny Bison/Rawr359 : so much temptation
ADMIN: Headswe/(Besmar Mud) created a /obj/machinery/washer
ADMIN: Headswe/(Besmar Mud) teleported I-Aryn-I/(Lelouch vi Brittania)
SAY: Lelouch vi Brittania/I-Aryn-I : You need more failing solution~
ADMIN: Headswe/(Besmar Mud) created a /obj/item/weapon/gun/energy/taser_gun
OOC: Johnny Bison/Rawr359 : oh god
OOC: Johnny Bison/Rawr359 : that was fucking awesome
ADMIN: Headswe/(Besmar Mud) healed / revived Headswe/(Besmar Mud)
A:Besmar Mud attacked by Besmar Mud(Headswe) with the taser gun
OOC: Johnny Bison/Rawr359 : so much power
SAY: Besmar Mud/Headswe : I NEED BLOOD
OOC: Johnny Bison/Rawr359 : but i&#39;m not doing it again.
A:Besmar Mud attacked by Besmar Mud(Headswe) with the taser gun
A:Besmar Mud attacked by Besmar Mud(Headswe) with the taser gun
A:Besmar Mud attacked by Besmar Mud(Headswe) with the taser gun
A:Lelouch vi Brittania attacked by Besmar Mud(Headswe) with the taser gun
A:Lelouch vi Brittania attacked by Besmar Mud(Headswe) with the taser gun
A:Lelouch vi Brittania attacked by Besmar Mud(Headswe) with the taser gun
ADMIN: Headswe/(Besmar Mud) made I-Aryn-I/(Lelouch vi Brittania) drop everything!
OOC: Lelouch vi Brittania/I-Aryn-I : I believe I will have to uproot the whole damn pipe system.
ADMIN: Headswe/(Besmar Mud) healed / revived I-Aryn-I/(Lelouch vi Brittania)
SAY: Besmar Mud/Headswe : Man i gotta wash my taser
ADMIN: Headswe/(Besmar Mud) modified Laundromat's hacked to 1
SAY: Besmar Mud/Headswe : wait what
SAY: Besmar Mud/Headswe : oh damm
ADMIN: Headswe/(Besmar Mud) created a /obj/item/weapon/gun/energy/laser_gun
SAY: Besmar Mud/Headswe : wtf
SAY: Besmar Mud/Headswe : YOU BE BREAKING MAH GAME
SAY: Besmar Mud/Headswe : Well
SAY: Besmar Mud/Headswe : it&#39;s suppoused to BLOW UP
SAY: Lelouch vi Brittania/I-Aryn-I : Peew Peew
SAY: Besmar Mud/Headswe : Meh.
SAY: Besmar Mud/Headswe : Why am i even showing you this
SAY: Besmar Mud/Headswe : Go home.
ACCESS: Logout: *no client*/(Besmar Mud)
ACCESS: Login: Headswe/(Besmar Mud) from 192.168.1.165
A:Lelouch vi Brittania attacked by Lelouch vi Brittania(I-Aryn-I) with Breath Mask
SAY: Johnny Bison/Rawr359 : ;YIKES
SAY: Johnny Bison/Rawr359 : There was an explosion.
SAY: Johnny Bison/Rawr359 : I peed a little.
SAY: Johnny Bison/Rawr359 : GAH
SAY: Johnny Bison/Rawr359 : SO HOT
SAY: Lelouch vi Brittania/I-Aryn-I : That&#39;s creepy.
SAY: Johnny Bison/Rawr359 : MY FLESH
SAY: Johnny Bison/Rawr359 : MY SKIN
SAY: Johnny Bison/Rawr359 : AGAHAHH
ADMIN: Headswe/(Besmar Mud) teleported Rawr359/(Johnny Bison)
ACCESS: Logout: Headswe/(Besmar Mud)
OOC: Johnny Bison/Rawr359 : teehee
ACCESS: Logout: I-Aryn-I/(Lelouch vi Brittania)
ACCESS: Logout: Rawr359/(Johnny Bison)
